ERROR:root:Ошибка деления на ноль в выражении 2 / 0
 division by zero
ERROR:root:Ошибка деления на ноль в выражении 2 / 0
 division by zero
INFO:__main__:{'args': (5, 2, 3, 'txt', 85), 'x': 5, 'y': 8, 'result': 5}
INFO:__main__:{'args': (5, 2, 3, 'txt', 85), 'x': 5, 'y': 8, 'result': 5}
INFO     - 2024-03-19 09:27:31,894. Функция - get_all(), аргументы: {'args': (5, 2, 3, 'str', 85), 'x': 5, 'y': 8, 'result': 5}, результат - 5
INFO     - 2024-03-19 09:28:39,216. Функция - get_all(), аргументы: {'args': (5, 2, 3, 'str', 85), 'x': 5, 'y': 8, 'result': 5}, результат - 5
ERROR:__main__:Не смог разбить строку 3-ясреда мая на переменные not enough values to unpack (expected 3, got 2)
ERROR:root:Треугольник не существует
INFO:root:Треугольник существует
INFO:root:Треугольник равносторонний
ERROR:root:Треугольник не существует
ERROR:root:Треугольник не существует
INFO:root:Проверка треугольника со сторонами 3, 4, 5
INFO:root:Треугольник существует
INFO:root:Треугольник разносторонний
INFO:root:Проверка треугольника со сторонами 3, 4, 6
INFO:root:Треугольник существует
INFO:root:Треугольник разносторонний
INFO:root:Проверка треугольника со сторонами 3, 4, 7
ERROR:root:Треугольник не существует
ERROR:root:Треугольник не существует
INFO:root:Проверка треугольника со сторонами 3, 4, 5
INFO:root:Треугольник существует
INFO:root:Треугольник разносторонний
INFO:root:Запуск программы с переданными данными: "3"
INFO:root:Проверка данных: "3" успешна. Результат: 3
INFO:root:Запуск программы с переданными данными: "3,14"
INFO:root:Проверка данных: "3,14" успешна. Результат: 3,14
INFO:root:Запуск программы с переданными данными: "Fghj"
INFO:root:Проверка данных: "Fghj" успешна. Результат: fghj
INFO:root:Запуск программы с переданными данными: "ghjf"
INFO:root:Проверка данных: "ghjf" успешна. Результат: GHJF
